0 info it worked if it ends with ok
1 verbose cli [ '/usr/local/Cellar/node/5.4.1_1/bin/node',
1 verbose cli   '/usr/local/bin/npm',
1 verbose cli   'install',
1 verbose cli   '--save',
1 verbose cli   'bcrypt' ]
2 info using npm@3.5.3
3 info using node@v5.4.1
4 silly loadCurrentTree Starting
5 silly install loadCurrentTree
6 silly install readLocalPackageData
7 silly fetchPackageMetaData bcrypt
8 silly fetchNamedPackageData bcrypt
9 silly mapToRegistry name bcrypt
10 silly mapToRegistry using default registry
11 silly mapToRegistry registry https://registry.npmjs.org/
12 silly mapToRegistry uri https://registry.npmjs.org/bcrypt
13 verbose request uri https://registry.npmjs.org/bcrypt
14 verbose request no auth needed
15 info attempt registry request try #1 at 10:50:20 PM
16 verbose request id 84685e68ea8ef593
17 verbose etag "1O0HLNWXZBKYB63O7DN444YTK"
18 http request GET https://registry.npmjs.org/bcrypt
19 http 304 https://registry.npmjs.org/bcrypt
20 verbose headers { date: 'Mon, 22 Feb 2016 06:50:20 GMT',
20 verbose headers   via: '1.1 varnish',
20 verbose headers   'cache-control': 'max-age=300',
20 verbose headers   etag: '"1O0HLNWXZBKYB63O7DN444YTK"',
20 verbose headers   age: '152',
20 verbose headers   connection: 'keep-alive',
20 verbose headers   'x-served-by': 'cache-lax1421-LAX',
20 verbose headers   'x-cache': 'HIT',
20 verbose headers   'x-cache-hits': '1',
20 verbose headers   'x-timer': 'S1456123820.266215,VS0,VE1',
20 verbose headers   vary: 'Accept' }
21 silly get cb [ 304,
21 silly get   { date: 'Mon, 22 Feb 2016 06:50:20 GMT',
21 silly get     via: '1.1 varnish',
21 silly get     'cache-control': 'max-age=300',
21 silly get     etag: '"1O0HLNWXZBKYB63O7DN444YTK"',
21 silly get     age: '152',
21 silly get     connection: 'keep-alive',
21 silly get     'x-served-by': 'cache-lax1421-LAX',
21 silly get     'x-cache': 'HIT',
21 silly get     'x-cache-hits': '1',
21 silly get     'x-timer': 'S1456123820.266215,VS0,VE1',
21 silly get     vary: 'Accept' } ]
22 verbose etag https://registry.npmjs.org/bcrypt from cache
23 verbose get saving bcrypt to /Users/navya/.npm/registry.npmjs.org/bcrypt/.cache.json
24 silly install normalizeTree
25 silly loadCurrentTree Finishing
26 silly loadIdealTree Starting
27 silly install loadIdealTree
28 silly cloneCurrentTree Starting
29 silly install cloneCurrentTreeToIdealTree
30 silly cloneCurrentTree Finishing
31 silly loadShrinkwrap Starting
32 silly install loadShrinkwrap
33 silly loadShrinkwrap Finishing
34 silly loadAllDepsIntoIdealTree Starting
35 silly install loadAllDepsIntoIdealTree
36 silly resolveWithNewModule bcrypt@0.8.5 checking installable status
37 silly cache add args [ 'bcrypt', null ]
38 verbose cache add spec bcrypt
39 silly cache add parsed spec Result {
39 silly cache add   raw: 'bcrypt',
39 silly cache add   scope: null,
39 silly cache add   name: 'bcrypt',
39 silly cache add   rawSpec: '',
39 silly cache add   spec: 'latest',
39 silly cache add   type: 'tag' }
40 silly addNamed bcrypt@latest
41 verbose addNamed "latest" is being treated as a dist-tag for bcrypt
42 info addNameTag [ 'bcrypt', 'latest' ]
43 silly mapToRegistry name bcrypt
44 silly mapToRegistry using default registry
45 silly mapToRegistry registry https://registry.npmjs.org/
46 silly mapToRegistry uri https://registry.npmjs.org/bcrypt
47 verbose addNameTag registry:https://registry.npmjs.org/bcrypt not in flight; fetching
48 verbose get https://registry.npmjs.org/bcrypt not expired, no request
49 silly addNameTag next cb for bcrypt with tag latest
50 silly addNamed bcrypt@0.8.5
51 verbose addNamed "0.8.5" is a plain semver version for bcrypt
52 silly cache afterAdd bcrypt@0.8.5
53 verbose afterAdd /Users/navya/.npm/bcrypt/0.8.5/package/package.json not in flight; writing
54 verbose afterAdd /Users/navya/.npm/bcrypt/0.8.5/package/package.json written
55 silly fetchNamedPackageData bindings
56 silly mapToRegistry name bindings
57 silly mapToRegistry using default registry
58 silly mapToRegistry registry https://registry.npmjs.org/
59 silly mapToRegistry uri https://registry.npmjs.org/bindings
60 silly fetchNamedPackageData nan
61 silly mapToRegistry name nan
62 silly mapToRegistry using default registry
63 silly mapToRegistry registry https://registry.npmjs.org/
64 silly mapToRegistry uri https://registry.npmjs.org/nan
65 verbose request uri https://registry.npmjs.org/bindings
66 verbose request no auth needed
67 info attempt registry request try #1 at 10:50:20 PM
68 verbose etag "1LLBF9OH58DLBEL4629U6032D"
69 http request GET https://registry.npmjs.org/bindings
70 verbose request uri https://registry.npmjs.org/nan
71 verbose request no auth needed
72 info attempt registry request try #1 at 10:50:20 PM
73 verbose etag "7Y2U1A5TWU1O0YTKGMD4FB8ZN"
74 http request GET https://registry.npmjs.org/nan
75 http 304 https://registry.npmjs.org/bindings
76 verbose headers { date: 'Mon, 22 Feb 2016 06:50:20 GMT',
76 verbose headers   via: '1.1 varnish',
76 verbose headers   'cache-control': 'max-age=300',
76 verbose headers   etag: '"1LLBF9OH58DLBEL4629U6032D"',
76 verbose headers   age: '224',
76 verbose headers   connection: 'keep-alive',
76 verbose headers   'x-served-by': 'cache-lax1426-LAX',
76 verbose headers   'x-cache': 'HIT',
76 verbose headers   'x-cache-hits': '1',
76 verbose headers   'x-timer': 'S1456123820.522752,VS0,VE0',
76 verbose headers   vary: 'Accept' }
77 silly get cb [ 304,
77 silly get   { date: 'Mon, 22 Feb 2016 06:50:20 GMT',
77 silly get     via: '1.1 varnish',
77 silly get     'cache-control': 'max-age=300',
77 silly get     etag: '"1LLBF9OH58DLBEL4629U6032D"',
77 silly get     age: '224',
77 silly get     connection: 'keep-alive',
77 silly get     'x-served-by': 'cache-lax1426-LAX',
77 silly get     'x-cache': 'HIT',
77 silly get     'x-cache-hits': '1',
77 silly get     'x-timer': 'S1456123820.522752,VS0,VE0',
77 silly get     vary: 'Accept' } ]
78 verbose etag https://registry.npmjs.org/bindings from cache
79 verbose get saving bindings to /Users/navya/.npm/registry.npmjs.org/bindings/.cache.json
80 http 304 https://registry.npmjs.org/nan
81 verbose headers { date: 'Mon, 22 Feb 2016 06:50:20 GMT',
81 verbose headers   via: '1.1 varnish',
81 verbose headers   'cache-control': 'max-age=300',
81 verbose headers   etag: '"7Y2U1A5TWU1O0YTKGMD4FB8ZN"',
81 verbose headers   age: '63',
81 verbose headers   connection: 'keep-alive',
81 verbose headers   'x-served-by': 'cache-lax1433-LAX',
81 verbose headers   'x-cache': 'HIT',
81 verbose headers   'x-cache-hits': '8',
81 verbose headers   'x-timer': 'S1456123820.527597,VS0,VE0',
81 verbose headers   vary: 'Accept' }
82 silly get cb [ 304,
82 silly get   { date: 'Mon, 22 Feb 2016 06:50:20 GMT',
82 silly get     via: '1.1 varnish',
82 silly get     'cache-control': 'max-age=300',
82 silly get     etag: '"7Y2U1A5TWU1O0YTKGMD4FB8ZN"',
82 silly get     age: '63',
82 silly get     connection: 'keep-alive',
82 silly get     'x-served-by': 'cache-lax1433-LAX',
82 silly get     'x-cache': 'HIT',
82 silly get     'x-cache-hits': '8',
82 silly get     'x-timer': 'S1456123820.527597,VS0,VE0',
82 silly get     vary: 'Accept' } ]
83 verbose etag https://registry.npmjs.org/nan from cache
84 verbose get saving nan to /Users/navya/.npm/registry.npmjs.org/nan/.cache.json
85 silly resolveWithNewModule nan@2.0.5 checking installable status
86 silly cache add args [ 'nan@2.0.5', null ]
87 verbose cache add spec nan@2.0.5
88 silly cache add parsed spec Result {
88 silly cache add   raw: 'nan@2.0.5',
88 silly cache add   scope: null,
88 silly cache add   name: 'nan',
88 silly cache add   rawSpec: '2.0.5',
88 silly cache add   spec: '2.0.5',
88 silly cache add   type: 'version' }
89 silly addNamed nan@2.0.5
90 verbose addNamed "2.0.5" is a plain semver version for nan
91 silly mapToRegistry name nan
92 silly mapToRegistry using default registry
93 silly mapToRegistry registry https://registry.npmjs.org/
94 silly mapToRegistry uri https://registry.npmjs.org/nan
95 verbose addNameVersion registry:https://registry.npmjs.org/nan not in flight; fetching
96 verbose get https://registry.npmjs.org/nan not expired, no request
97 silly resolveWithNewModule bindings@1.2.1 checking installable status
98 silly cache add args [ 'bindings@1.2.1', null ]
99 verbose cache add spec bindings@1.2.1
100 silly cache add parsed spec Result {
100 silly cache add   raw: 'bindings@1.2.1',
100 silly cache add   scope: null,
100 silly cache add   name: 'bindings',
100 silly cache add   rawSpec: '1.2.1',
100 silly cache add   spec: '1.2.1',
100 silly cache add   type: 'version' }
101 silly addNamed bindings@1.2.1
102 verbose addNamed "1.2.1" is a plain semver version for bindings
103 silly mapToRegistry name bindings
104 silly mapToRegistry using default registry
105 silly mapToRegistry registry https://registry.npmjs.org/
106 silly mapToRegistry uri https://registry.npmjs.org/bindings
107 verbose addNameVersion registry:https://registry.npmjs.org/bindings not in flight; fetching
108 silly cache afterAdd nan@2.0.5
109 verbose afterAdd /Users/navya/.npm/nan/2.0.5/package/package.json not in flight; writing
110 verbose get https://registry.npmjs.org/bindings not expired, no request
111 silly cache afterAdd bindings@1.2.1
112 verbose afterAdd /Users/navya/.npm/bindings/1.2.1/package/package.json not in flight; writing
113 verbose afterAdd /Users/navya/.npm/nan/2.0.5/package/package.json written
114 verbose afterAdd /Users/navya/.npm/bindings/1.2.1/package/package.json written
115 silly loadAllDepsIntoIdealTree Finishing
116 silly idealTree:prePrune project2@1.0.0
116 silly idealTree:prePrune ├── accepts@1.2.13
116 silly idealTree:prePrune ├── array-flatten@1.1.1
116 silly idealTree:prePrune ├── base64-url@1.2.1
116 silly idealTree:prePrune ├── bcrypt@0.8.5
116 silly idealTree:prePrune ├── bindings@1.2.1
116 silly idealTree:prePrune ├── body-parser@1.15.0
116 silly idealTree:prePrune ├── bytes@2.2.0
116 silly idealTree:prePrune ├── content-disposition@0.5.1
116 silly idealTree:prePrune ├── content-type@1.0.1
116 silly idealTree:prePrune ├── cookie-signature@1.0.6
116 silly idealTree:prePrune ├── cookie@0.1.5
116 silly idealTree:prePrune ├── crc@3.4.0
116 silly idealTree:prePrune ├── debug@2.2.0
116 silly idealTree:prePrune ├── depd@1.1.0
116 silly idealTree:prePrune ├── destroy@1.0.4
116 silly idealTree:prePrune ├── ee-first@1.1.1
116 silly idealTree:prePrune ├── ejs@2.4.1
116 silly idealTree:prePrune ├── escape-html@1.0.3
116 silly idealTree:prePrune ├── etag@1.7.0
116 silly idealTree:prePrune ├── express-ejs-layouts@2.0.0
116 silly idealTree:prePrune ├─┬ express-session@1.13.0
116 silly idealTree:prePrune │ └── cookie@0.2.3
116 silly idealTree:prePrune ├─┬ express@4.13.4
116 silly idealTree:prePrune │ └── qs@4.0.0
116 silly idealTree:prePrune ├── finalhandler@0.4.1
116 silly idealTree:prePrune ├── forwarded@0.1.0
116 silly idealTree:prePrune ├── fresh@0.3.0
116 silly idealTree:prePrune ├── http-errors@1.4.0
116 silly idealTree:prePrune ├── iconv-lite@0.4.13
116 silly idealTree:prePrune ├── inherits@2.0.1
116 silly idealTree:prePrune ├── ipaddr.js@1.0.5
116 silly idealTree:prePrune ├── media-typer@0.3.0
116 silly idealTree:prePrune ├── merge-descriptors@1.0.1
116 silly idealTree:prePrune ├── methods@1.1.2
116 silly idealTree:prePrune ├── mime-db@1.22.0
116 silly idealTree:prePrune ├── mime-types@2.1.10
116 silly idealTree:prePrune ├── mime@1.3.4
116 silly idealTree:prePrune ├── ms@0.7.1
116 silly idealTree:prePrune ├── nan@2.0.5
116 silly idealTree:prePrune ├── negotiator@0.5.3
116 silly idealTree:prePrune ├── on-finished@2.3.0
116 silly idealTree:prePrune ├── on-headers@1.0.1
116 silly idealTree:prePrune ├── parseurl@1.3.1
116 silly idealTree:prePrune ├── path-to-regexp@0.1.7
116 silly idealTree:prePrune ├── proxy-addr@1.0.10
116 silly idealTree:prePrune ├── qs@6.1.0
116 silly idealTree:prePrune ├── range-parser@1.0.3
116 silly idealTree:prePrune ├── raw-body@2.1.5
116 silly idealTree:prePrune ├─┬ send@0.13.1
116 silly idealTree:prePrune │ └── http-errors@1.3.1
116 silly idealTree:prePrune ├── serve-static@1.10.2
116 silly idealTree:prePrune ├── statuses@1.2.1
116 silly idealTree:prePrune ├── type-is@1.6.11
116 silly idealTree:prePrune ├── uid-safe@2.0.0
116 silly idealTree:prePrune ├── unpipe@1.0.0
116 silly idealTree:prePrune ├── utils-merge@1.0.0
116 silly idealTree:prePrune └── vary@1.0.1
117 silly loadIdealTree Finishing
118 silly currentTree project2@1.0.0
118 silly currentTree ├── accepts@1.2.13
118 silly currentTree ├── array-flatten@1.1.1
118 silly currentTree ├── base64-url@1.2.1
118 silly currentTree ├── body-parser@1.15.0
118 silly currentTree ├── bytes@2.2.0
118 silly currentTree ├── content-disposition@0.5.1
118 silly currentTree ├── content-type@1.0.1
118 silly currentTree ├── cookie-signature@1.0.6
118 silly currentTree ├── cookie@0.1.5
118 silly currentTree ├── crc@3.4.0
118 silly currentTree ├── debug@2.2.0
118 silly currentTree ├── depd@1.1.0
118 silly currentTree ├── destroy@1.0.4
118 silly currentTree ├── ee-first@1.1.1
118 silly currentTree ├── ejs@2.4.1
118 silly currentTree ├── escape-html@1.0.3
118 silly currentTree ├── etag@1.7.0
118 silly currentTree ├── express-ejs-layouts@2.0.0
118 silly currentTree ├─┬ express-session@1.13.0
118 silly currentTree │ └── cookie@0.2.3
118 silly currentTree ├─┬ express@4.13.4
118 silly currentTree │ └── qs@4.0.0
118 silly currentTree ├── finalhandler@0.4.1
118 silly currentTree ├── forwarded@0.1.0
118 silly currentTree ├── fresh@0.3.0
118 silly currentTree ├── http-errors@1.4.0
118 silly currentTree ├── iconv-lite@0.4.13
118 silly currentTree ├── inherits@2.0.1
118 silly currentTree ├── ipaddr.js@1.0.5
118 silly currentTree ├── media-typer@0.3.0
118 silly currentTree ├── merge-descriptors@1.0.1
118 silly currentTree ├── methods@1.1.2
118 silly currentTree ├── mime-db@1.22.0
118 silly currentTree ├── mime-types@2.1.10
118 silly currentTree ├── mime@1.3.4
118 silly currentTree ├── ms@0.7.1
118 silly currentTree ├── negotiator@0.5.3
118 silly currentTree ├── on-finished@2.3.0
118 silly currentTree ├── on-headers@1.0.1
118 silly currentTree ├── parseurl@1.3.1
118 silly currentTree ├── path-to-regexp@0.1.7
118 silly currentTree ├── proxy-addr@1.0.10
118 silly currentTree ├── qs@6.1.0
118 silly currentTree ├── range-parser@1.0.3
118 silly currentTree ├── raw-body@2.1.5
118 silly currentTree ├─┬ send@0.13.1
118 silly currentTree │ └── http-errors@1.3.1
118 silly currentTree ├── serve-static@1.10.2
118 silly currentTree ├── statuses@1.2.1
118 silly currentTree ├── type-is@1.6.11
118 silly currentTree ├── uid-safe@2.0.0
118 silly currentTree ├── unpipe@1.0.0
118 silly currentTree ├── utils-merge@1.0.0
118 silly currentTree └── vary@1.0.1
119 silly idealTree project2@1.0.0
119 silly idealTree ├── accepts@1.2.13
119 silly idealTree ├── array-flatten@1.1.1
119 silly idealTree ├── base64-url@1.2.1
119 silly idealTree ├── bcrypt@0.8.5
119 silly idealTree ├── bindings@1.2.1
119 silly idealTree ├── body-parser@1.15.0
119 silly idealTree ├── bytes@2.2.0
119 silly idealTree ├── content-disposition@0.5.1
119 silly idealTree ├── content-type@1.0.1
119 silly idealTree ├── cookie-signature@1.0.6
119 silly idealTree ├── cookie@0.1.5
119 silly idealTree ├── crc@3.4.0
119 silly idealTree ├── debug@2.2.0
119 silly idealTree ├── depd@1.1.0
119 silly idealTree ├── destroy@1.0.4
119 silly idealTree ├── ee-first@1.1.1
119 silly idealTree ├── ejs@2.4.1
119 silly idealTree ├── escape-html@1.0.3
119 silly idealTree ├── etag@1.7.0
119 silly idealTree ├── express-ejs-layouts@2.0.0
119 silly idealTree ├─┬ express-session@1.13.0
119 silly idealTree │ └── cookie@0.2.3
119 silly idealTree ├─┬ express@4.13.4
119 silly idealTree │ └── qs@4.0.0
119 silly idealTree ├── finalhandler@0.4.1
119 silly idealTree ├── forwarded@0.1.0
119 silly idealTree ├── fresh@0.3.0
119 silly idealTree ├── http-errors@1.4.0
119 silly idealTree ├── iconv-lite@0.4.13
119 silly idealTree ├── inherits@2.0.1
119 silly idealTree ├── ipaddr.js@1.0.5
119 silly idealTree ├── media-typer@0.3.0
119 silly idealTree ├── merge-descriptors@1.0.1
119 silly idealTree ├── methods@1.1.2
119 silly idealTree ├── mime-db@1.22.0
119 silly idealTree ├── mime-types@2.1.10
119 silly idealTree ├── mime@1.3.4
119 silly idealTree ├── ms@0.7.1
119 silly idealTree ├── nan@2.0.5
119 silly idealTree ├── negotiator@0.5.3
119 silly idealTree ├── on-finished@2.3.0
119 silly idealTree ├── on-headers@1.0.1
119 silly idealTree ├── parseurl@1.3.1
119 silly idealTree ├── path-to-regexp@0.1.7
119 silly idealTree ├── proxy-addr@1.0.10
119 silly idealTree ├── qs@6.1.0
119 silly idealTree ├── range-parser@1.0.3
119 silly idealTree ├── raw-body@2.1.5
119 silly idealTree ├─┬ send@0.13.1
119 silly idealTree │ └── http-errors@1.3.1
119 silly idealTree ├── serve-static@1.10.2
119 silly idealTree ├── statuses@1.2.1
119 silly idealTree ├── type-is@1.6.11
119 silly idealTree ├── uid-safe@2.0.0
119 silly idealTree ├── unpipe@1.0.0
119 silly idealTree ├── utils-merge@1.0.0
119 silly idealTree └── vary@1.0.1
120 silly generateActionsToTake Starting
121 silly install generateActionsToTake
122 silly generateActionsToTake Finishing
123 silly diffTrees action count 3
124 silly diffTrees add bindings@1.2.1
125 silly diffTrees add nan@2.0.5
126 silly diffTrees add bcrypt@0.8.5
127 silly decomposeActions action count 24
128 silly decomposeActions fetch bindings@1.2.1
129 silly decomposeActions extract bindings@1.2.1
130 silly decomposeActions test bindings@1.2.1
131 silly decomposeActions preinstall bindings@1.2.1
132 silly decomposeActions build bindings@1.2.1
133 silly decomposeActions install bindings@1.2.1
134 silly decomposeActions postinstall bindings@1.2.1
135 silly decomposeActions finalize bindings@1.2.1
136 silly decomposeActions fetch nan@2.0.5
137 silly decomposeActions extract nan@2.0.5
138 silly decomposeActions test nan@2.0.5
139 silly decomposeActions preinstall nan@2.0.5
140 silly decomposeActions build nan@2.0.5
141 silly decomposeActions install nan@2.0.5
142 silly decomposeActions postinstall nan@2.0.5
143 silly decomposeActions finalize nan@2.0.5
144 silly decomposeActions fetch bcrypt@0.8.5
145 silly decomposeActions extract bcrypt@0.8.5
146 silly decomposeActions test bcrypt@0.8.5
147 silly decomposeActions preinstall bcrypt@0.8.5
148 silly decomposeActions build bcrypt@0.8.5
149 silly decomposeActions install bcrypt@0.8.5
150 silly decomposeActions postinstall bcrypt@0.8.5
151 silly decomposeActions finalize bcrypt@0.8.5
152 silly executeActions Starting
153 silly install executeActions
154 silly doSerial global-install 0
155 silly doParallel fetch 3
156 verbose lock using /Users/navya/.npm/_locks/staging-407b7c6ef9c842e4.lock for /Users/navya/code/Projects/project2/node_modules/.staging
157 silly doParallel extract 3
158 silly extract bindings@1.2.1
159 silly extract nan@2.0.5
160 silly extract bcrypt@0.8.5
161 verbose unbuild node_modules/.staging/bindings-d466a19a
162 verbose unbuild node_modules/.staging/nan-5795d029
163 verbose unbuild node_modules/.staging/bcrypt-2e2804f5
164 silly gentlyRm /Users/navya/code/Projects/project2/node_modules/.staging/bindings-d466a19a is being purged from base /Users/navya/code/Projects/project2
165 verbose gentlyRm don't care about contents; nuking /Users/navya/code/Projects/project2/node_modules/.staging/bindings-d466a19a
166 silly gentlyRm /Users/navya/code/Projects/project2/node_modules/.staging/nan-5795d029 is being purged from base /Users/navya/code/Projects/project2
167 verbose gentlyRm don't care about contents; nuking /Users/navya/code/Projects/project2/node_modules/.staging/nan-5795d029
168 silly gentlyRm /Users/navya/code/Projects/project2/node_modules/.staging/bcrypt-2e2804f5 is being purged from base /Users/navya/code/Projects/project2
169 verbose gentlyRm don't care about contents; nuking /Users/navya/code/Projects/project2/node_modules/.staging/bcrypt-2e2804f5
170 verbose tar unpack /Users/navya/.npm/bindings/1.2.1/package.tgz
171 verbose tar unpacking to /Users/navya/code/Projects/project2/node_modules/.staging/bindings-d466a19a
172 silly gentlyRm /Users/navya/code/Projects/project2/node_modules/.staging/bindings-d466a19a is being purged
173 verbose gentlyRm don't care about contents; nuking /Users/navya/code/Projects/project2/node_modules/.staging/bindings-d466a19a
174 verbose tar unpack /Users/navya/.npm/nan/2.0.5/package.tgz
175 verbose tar unpacking to /Users/navya/code/Projects/project2/node_modules/.staging/nan-5795d029
176 silly gentlyRm /Users/navya/code/Projects/project2/node_modules/.staging/nan-5795d029 is being purged
177 verbose gentlyRm don't care about contents; nuking /Users/navya/code/Projects/project2/node_modules/.staging/nan-5795d029
178 verbose tar unpack /Users/navya/.npm/bcrypt/0.8.5/package.tgz
179 verbose tar unpacking to /Users/navya/code/Projects/project2/node_modules/.staging/bcrypt-2e2804f5
180 silly gentlyRm /Users/navya/code/Projects/project2/node_modules/.staging/bcrypt-2e2804f5 is being purged
181 verbose gentlyRm don't care about contents; nuking /Users/navya/code/Projects/project2/node_modules/.staging/bcrypt-2e2804f5
182 silly gunzTarPerm modes [ '755', '644' ]
183 silly gunzTarPerm modes [ '755', '644' ]
184 silly gunzTarPerm modes [ '755', '644' ]
185 silly gunzTarPerm extractEntry package.json
186 silly gunzTarPerm extractEntry package.json
187 silly gunzTarPerm modified mode [ 'package.json', 436, 420 ]
188 silly gunzTarPerm extractEntry package.json
189 silly gunzTarPerm extractEntry README.md
190 silly gunzTarPerm extractEntry bindings.js
191 silly gunzTarPerm extractEntry README.md
192 silly gunzTarPerm modified mode [ 'README.md', 436, 420 ]
193 silly gunzTarPerm extractEntry include_dirs.js
194 silly gunzTarPerm modified mode [ 'include_dirs.js', 436, 420 ]
195 silly gunzTarPerm extractEntry .npmignore
196 silly gunzTarPerm extractEntry README.md
197 silly gunzTarPerm extractEntry nan_converters.h
198 silly gunzTarPerm modified mode [ 'nan_converters.h', 436, 420 ]
199 silly gunzTarPerm extractEntry LICENSE.md
200 silly gunzTarPerm modified mode [ 'LICENSE.md', 436, 420 ]
201 silly gunzTarPerm extractEntry .dntrc
202 silly gunzTarPerm modified mode [ '.dntrc', 436, 420 ]
203 silly gunzTarPerm extractEntry LICENSE
204 silly gunzTarPerm extractEntry bcrypt.js
205 silly gunzTarPerm extractEntry appveyor.yml
206 silly gunzTarPerm modified mode [ 'appveyor.yml', 436, 420 ]
207 silly gunzTarPerm extractEntry binding.gyp
208 silly gunzTarPerm extractEntry doc/new.md
209 silly gunzTarPerm modified mode [ 'doc/new.md', 436, 420 ]
210 silly gunzTarPerm extractEntry doc/.build.sh
211 silly gunzTarPerm modified mode [ 'doc/.build.sh', 509, 493 ]
212 silly gunzTarPerm extractEntry .travis.yml
213 silly gunzTarPerm extractEntry CHANGELOG.md
214 silly gunzTarPerm extractEntry doc/buffers.md
215 silly gunzTarPerm modified mode [ 'doc/buffers.md', 436, 420 ]
216 silly gunzTarPerm extractEntry doc/callback.md
217 silly gunzTarPerm modified mode [ 'doc/callback.md', 436, 420 ]
218 silly gunzTarPerm extractEntry examples/async_compare.js
219 silly gunzTarPerm extractEntry examples/forever_gen_salt.js
220 silly gunzTarPerm extractEntry doc/converters.md
221 silly gunzTarPerm modified mode [ 'doc/converters.md', 436, 420 ]
222 silly gunzTarPerm extractEntry doc/errors.md
223 silly gunzTarPerm modified mode [ 'doc/errors.md', 436, 420 ]
224 silly gunzTarPerm extractEntry test/async.js
225 silly gunzTarPerm extractEntry test/repetitions.js
226 silly gunzTarPerm extractEntry doc/maybe_types.md
227 silly gunzTarPerm modified mode [ 'doc/maybe_types.md', 436, 420 ]
228 silly gunzTarPerm extractEntry doc/methods.md
229 silly gunzTarPerm modified mode [ 'doc/methods.md', 436, 420 ]
230 silly gunzTarPerm extractEntry test/sync.js
231 silly gunzTarPerm extractEntry Makefile
232 silly gentlyRm /Users/navya/code/Projects/project2/node_modules/.staging/bindings-d466a19a/node_modules is being purged
233 verbose gentlyRm don't care about contents; nuking /Users/navya/code/Projects/project2/node_modules/.staging/bindings-d466a19a/node_modules
234 silly gunzTarPerm extractEntry doc/asyncworker.md
235 silly gunzTarPerm modified mode [ 'doc/asyncworker.md', 436, 420 ]
236 silly gunzTarPerm extractEntry doc/node_misc.md
237 silly gunzTarPerm modified mode [ 'doc/node_misc.md', 436, 420 ]
238 silly gunzTarPerm extractEntry src/bcrypt.cc
239 silly gunzTarPerm extractEntry src/bcrypt_node.cc
240 silly gunzTarPerm extractEntry doc/persistent.md
241 silly gunzTarPerm modified mode [ 'doc/persistent.md', 436, 420 ]
242 silly gunzTarPerm extractEntry doc/scopes.md
243 silly gunzTarPerm modified mode [ 'doc/scopes.md', 436, 420 ]
244 silly gunzTarPerm extractEntry src/blowfish.cc
245 silly gunzTarPerm extractEntry src/node_blf.h
246 silly gunzTarPerm extractEntry doc/script.md
247 silly gunzTarPerm modified mode [ 'doc/script.md', 436, 420 ]
248 silly gunzTarPerm extractEntry doc/string_bytes.md
249 silly gunzTarPerm modified mode [ 'doc/string_bytes.md', 436, 420 ]
250 silly gunzTarPerm extractEntry werker.yml
251 silly gunzTarPerm extractEntry doc/v8_internals.md
252 silly gunzTarPerm modified mode [ 'doc/v8_internals.md', 436, 420 ]
253 silly gunzTarPerm extractEntry doc/v8_misc.md
254 silly gunzTarPerm modified mode [ 'doc/v8_misc.md', 436, 420 ]
255 silly gunzTarPerm extractEntry nan.h
256 silly gunzTarPerm modified mode [ 'nan.h', 436, 420 ]
257 silly gunzTarPerm extractEntry nan_callbacks.h
258 silly gunzTarPerm modified mode [ 'nan_callbacks.h', 436, 420 ]
259 silly gunzTarPerm extractEntry nan_callbacks_12_inl.h
260 silly gunzTarPerm modified mode [ 'nan_callbacks_12_inl.h', 436, 420 ]
261 silly gunzTarPerm extractEntry nan_callbacks_pre_12_inl.h
262 silly gunzTarPerm modified mode [ 'nan_callbacks_pre_12_inl.h', 436, 420 ]
263 silly gunzTarPerm extractEntry nan_converters_43_inl.h
264 silly gunzTarPerm modified mode [ 'nan_converters_43_inl.h', 436, 420 ]
265 silly gunzTarPerm extractEntry nan_converters_pre_43_inl.h
266 silly gunzTarPerm modified mode [ 'nan_converters_pre_43_inl.h', 436, 420 ]
267 silly gunzTarPerm extractEntry nan_implementation_12_inl.h
268 silly gunzTarPerm modified mode [ 'nan_implementation_12_inl.h', 436, 420 ]
269 silly gunzTarPerm extractEntry nan_implementation_pre_12_inl.h
270 silly gunzTarPerm modified mode [ 'nan_implementation_pre_12_inl.h', 436, 420 ]
271 silly gunzTarPerm extractEntry nan_maybe_43_inl.h
272 silly gunzTarPerm modified mode [ 'nan_maybe_43_inl.h', 436, 420 ]
273 silly gunzTarPerm extractEntry nan_maybe_pre_43_inl.h
274 silly gunzTarPerm modified mode [ 'nan_maybe_pre_43_inl.h', 436, 420 ]
275 silly gunzTarPerm extractEntry nan_new.h
276 silly gunzTarPerm modified mode [ 'nan_new.h', 436, 420 ]
277 silly gunzTarPerm extractEntry nan_object_wrap.h
278 silly gunzTarPerm modified mode [ 'nan_object_wrap.h', 436, 420 ]
279 silly gunzTarPerm extractEntry nan_persistent_12_inl.h
280 silly gunzTarPerm modified mode [ 'nan_persistent_12_inl.h', 436, 420 ]
281 silly gunzTarPerm extractEntry nan_persistent_pre_12_inl.h
282 silly gunzTarPerm modified mode [ 'nan_persistent_pre_12_inl.h', 436, 420 ]
283 silly gunzTarPerm extractEntry nan_string_bytes.h
284 silly gunzTarPerm modified mode [ 'nan_string_bytes.h', 436, 420 ]
285 silly gunzTarPerm extractEntry nan_weak.h
286 silly gunzTarPerm modified mode [ 'nan_weak.h', 436, 420 ]
287 silly gunzTarPerm extractEntry CHANGELOG.md
288 silly gunzTarPerm modified mode [ 'CHANGELOG.md', 436, 420 ]
289 silly gunzTarPerm extractEntry tools/package.json
290 silly gunzTarPerm modified mode [ 'tools/package.json', 436, 420 ]
291 silly gunzTarPerm extractEntry tools/README.md
292 silly gunzTarPerm modified mode [ 'tools/README.md', 436, 420 ]
293 silly gunzTarPerm extractEntry tools/1to2.js
294 silly gunzTarPerm modified mode [ 'tools/1to2.js', 509, 493 ]
295 silly gentlyRm /Users/navya/code/Projects/project2/node_modules/.staging/bcrypt-2e2804f5/node_modules is being purged
296 verbose gentlyRm don't care about contents; nuking /Users/navya/code/Projects/project2/node_modules/.staging/bcrypt-2e2804f5/node_modules
297 silly gentlyRm /Users/navya/code/Projects/project2/node_modules/.staging/nan-5795d029/node_modules is being purged
298 verbose gentlyRm don't care about contents; nuking /Users/navya/code/Projects/project2/node_modules/.staging/nan-5795d029/node_modules
299 silly doParallel preinstall 3
300 silly preinstall bindings@1.2.1 /Users/navya/code/Projects/project2/node_modules/.staging/bindings-d466a19a
301 info lifecycle bindings@1.2.1~preinstall: bindings@1.2.1
302 silly preinstall nan@2.0.5 /Users/navya/code/Projects/project2/node_modules/.staging/nan-5795d029
303 info lifecycle nan@2.0.5~preinstall: nan@2.0.5
304 silly preinstall bcrypt@0.8.5 /Users/navya/code/Projects/project2/node_modules/.staging/bcrypt-2e2804f5
305 info lifecycle bcrypt@0.8.5~preinstall: bcrypt@0.8.5
306 silly lifecycle bindings@1.2.1~preinstall: no script for preinstall, continuing
307 silly lifecycle nan@2.0.5~preinstall: no script for preinstall, continuing
308 silly lifecycle bcrypt@0.8.5~preinstall: no script for preinstall, continuing
309 silly doReverseSerial remove 0
310 silly doSerial move 0
311 silly doSerial finalize 3
312 silly finalize /Users/navya/code/Projects/project2/node_modules/bindings
313 silly finalize /Users/navya/code/Projects/project2/node_modules/nan
314 silly finalize /Users/navya/code/Projects/project2/node_modules/bcrypt
315 silly doSerial build 3
316 silly build bindings@1.2.1
317 info linkStuff bindings@1.2.1
318 silly linkStuff bindings@1.2.1 has /Users/navya/code/Projects/project2/node_modules as its parent node_modules
319 verbose linkBins bindings@1.2.1
320 verbose linkMans bindings@1.2.1
321 silly build nan@2.0.5
322 info linkStuff nan@2.0.5
323 silly linkStuff nan@2.0.5 has /Users/navya/code/Projects/project2/node_modules as its parent node_modules
324 verbose linkBins nan@2.0.5
325 verbose linkMans nan@2.0.5
326 silly build bcrypt@0.8.5
327 info linkStuff bcrypt@0.8.5
328 silly linkStuff bcrypt@0.8.5 has /Users/navya/code/Projects/project2/node_modules as its parent node_modules
329 verbose linkBins bcrypt@0.8.5
330 verbose linkMans bcrypt@0.8.5
331 silly doSerial global-link 0
332 silly doParallel update-linked 0
333 silly doSerial install 3
334 silly install bindings@1.2.1 /Users/navya/code/Projects/project2/node_modules/.staging/bindings-d466a19a
335 info lifecycle bindings@1.2.1~install: bindings@1.2.1
336 silly lifecycle bindings@1.2.1~install: no script for install, continuing
337 silly install nan@2.0.5 /Users/navya/code/Projects/project2/node_modules/.staging/nan-5795d029
338 info lifecycle nan@2.0.5~install: nan@2.0.5
339 silly lifecycle nan@2.0.5~install: no script for install, continuing
340 silly install bcrypt@0.8.5 /Users/navya/code/Projects/project2/node_modules/.staging/bcrypt-2e2804f5
341 info lifecycle bcrypt@0.8.5~install: bcrypt@0.8.5
342 verbose lifecycle bcrypt@0.8.5~install: unsafe-perm in lifecycle true
343 verbose lifecycle bcrypt@0.8.5~install: PATH: /usr/local/lib/node_modules/npm/bin/node-gyp-bin:/Users/navya/code/Projects/project2/node_modules/bcrypt/node_modules/.bin:/Users/navya/code/Projects/project2/node_modules/.bin:/usr/local/bin:/Users/navya/.rbenv/shims:/Users/navya/.rbenv/bin:/Library/Frameworks/Python.framework/Versions/3.4/bin:/usr/bin:/bin:/usr/sbin:/sbin:/usr/local/bin:/Applications/Postgres.app/Contents/Versions/9.5/bin
344 verbose lifecycle bcrypt@0.8.5~install: CWD: /Users/navya/code/Projects/project2/node_modules/bcrypt
345 silly lifecycle bcrypt@0.8.5~install: Args: [ '-c', 'node-gyp rebuild' ]
346 silly lifecycle bcrypt@0.8.5~install: Returned: code: 1  signal: null
347 info lifecycle bcrypt@0.8.5~install: Failed to exec install script
348 verbose unlock done using /Users/navya/.npm/_locks/staging-407b7c6ef9c842e4.lock for /Users/navya/code/Projects/project2/node_modules/.staging
349 silly rollbackFailedOptional Starting
350 silly rollbackFailedOptional Finishing
351 silly runTopLevelLifecycles Starting
352 silly runTopLevelLifecycles Finishing
353 silly install printInstalled
354 warn project2@1.0.0 No description
355 warn project2@1.0.0 No repository field.
356 verbose stack Error: bcrypt@0.8.5 install: `node-gyp rebuild`
356 verbose stack Exit status 1
356 verbose stack     at EventEmitter.<anonymous> (/usr/local/lib/node_modules/npm/lib/utils/lifecycle.js:232:16)
356 verbose stack     at emitTwo (events.js:87:13)
356 verbose stack     at EventEmitter.emit (events.js:172:7)
356 verbose stack     at ChildProcess.<anonymous> (/usr/local/lib/node_modules/npm/lib/utils/spawn.js:24:14)
356 verbose stack     at emitTwo (events.js:87:13)
356 verbose stack     at ChildProcess.emit (events.js:172:7)
356 verbose stack     at maybeClose (internal/child_process.js:821:16)
356 verbose stack     at Process.ChildProcess._handle.onexit (internal/child_process.js:211:5)
357 verbose pkgid bcrypt@0.8.5
358 verbose cwd /Users/navya/code/Projects/project2
359 error Darwin 15.2.0
360 error argv "/usr/local/Cellar/node/5.4.1_1/bin/node" "/usr/local/bin/npm" "install" "--save" "bcrypt"
361 error node v5.4.1
362 error npm  v3.5.3
363 error code ELIFECYCLE
364 error bcrypt@0.8.5 install: `node-gyp rebuild`
364 error Exit status 1
365 error Failed at the bcrypt@0.8.5 install script 'node-gyp rebuild'.
365 error Make sure you have the latest version of node.js and npm installed.
365 error If you do, this is most likely a problem with the bcrypt package,
365 error not with npm itself.
365 error Tell the author that this fails on your system:
365 error     node-gyp rebuild
365 error You can get information on how to open an issue for this project with:
365 error     npm bugs bcrypt
365 error Or if that isn't available, you can get their info via:
365 error     npm owner ls bcrypt
365 error There is likely additional logging output above.
366 verbose exit [ 1, true ]
